<?xml version="1.0" encoding="UTF-8"?>
<testng-results ignored="0" total="14" passed="14" failed="0" skipped="0">
  <reporter-output>
  </reporter-output>
  <suite started-at="2024-11-15T18:01:45 IST" name="Suite" finished-at="2024-11-15T18:02:13 IST" duration-ms="27610">
    <groups>
    </groups>
    <test started-at="2024-11-15T18:01:45 IST" name="Test" finished-at="2024-11-15T18:02:13 IST" duration-ms="27610">
      <class name="NGTest.Parameter">
        <test-method is-config="true" signature="beforeTest()[pri:0, instance:NGTest.Parameter@10e31a9a]" started-at="2024-11-15T18:01:45 IST" name="beforeTest" finished-at="2024-11-15T18:01:52 IST" duration-ms="6168" status="PASS">
          <reporter-output>
          </reporter-output>
        </test-method> <!-- beforeTest -->
        <test-method signature="Login(java.lang.String,java.lang.String)[pri:0, instance:NGTest.Parameter@10e31a9a]" started-at="2024-11-15T18:02:09 IST" name="Login" finished-at="2024-11-15T18:02:11 IST" duration-ms="2173" status="PASS">
          <params>
            <param index="0">
              <value>
                <![CDATA[Rahul]]>
              </value>
            </param>
            <param index="1">
              <value>
                <![CDATA[Rahul@123]]>
              </value>
            </param>
          </params>
          <reporter-output>
          </reporter-output>
        </test-method> <!-- Login -->
        <test-method is-config="true" signature="afterTest()[pri:0, instance:NGTest.Parameter@10e31a9a]" started-at="2024-11-15T18:02:11 IST" name="afterTest" finished-at="2024-11-15T18:02:13 IST" duration-ms="2044" status="PASS">
          <reporter-output>
          </reporter-output>
        </test-method> <!-- afterTest -->
      </class> <!-- NGTest.Parameter -->
      <class name="NGTest.NewTest">
        <test-method is-config="true" signature="beforeSuite()[pri:0, instance:NGTest.NewTest@3febb011]" started-at="2024-11-15T18:01:45 IST" name="beforeSuite" finished-at="2024-11-15T18:01:45 IST" duration-ms="6" status="PASS">
          <reporter-output>
          </reporter-output>
        </test-method> <!-- beforeSuite -->
        <test-method is-config="true" signature="beforeTest()[pri:0, instance:NGTest.NewTest@3febb011]" started-at="2024-11-15T18:01:45 IST" name="beforeTest" finished-at="2024-11-15T18:01:45 IST" duration-ms="0" status="PASS">
          <reporter-output>
          </reporter-output>
        </test-method> <!-- beforeTest -->
        <test-method is-config="true" signature="beforeClass()[pri:0, instance:NGTest.NewTest@3febb011]" started-at="2024-11-15T18:02:09 IST" name="beforeClass" finished-at="2024-11-15T18:02:09 IST" duration-ms="0" status="PASS">
          <reporter-output>
          </reporter-output>
        </test-method> <!-- beforeClass -->
        <test-method is-config="true" signature="beforeMethod()[pri:0, instance:NGTest.NewTest@3febb011]" started-at="2024-11-15T18:02:09 IST" name="beforeMethod" finished-at="2024-11-15T18:02:09 IST" duration-ms="0" status="PASS">
          <reporter-output>
          </reporter-output>
        </test-method> <!-- beforeMethod -->
        <test-method signature="Second()[pri:0, instance:NGTest.NewTest@3febb011]" started-at="2024-11-15T18:02:09 IST" name="Second" finished-at="2024-11-15T18:02:09 IST" duration-ms="1" status="PASS">
          <reporter-output>
          </reporter-output>
        </test-method> <!-- Second -->
        <test-method is-config="true" signature="afterMethod()[pri:0, instance:NGTest.NewTest@3febb011]" started-at="2024-11-15T18:02:09 IST" name="afterMethod" finished-at="2024-11-15T18:02:09 IST" duration-ms="0" status="PASS">
          <reporter-output>
          </reporter-output>
        </test-method> <!-- afterMethod -->
        <test-method signature="first()[pri:0, instance:NGTest.NewTest@3febb011]" started-at="2024-11-15T18:02:09 IST" name="first" finished-at="2024-11-15T18:02:09 IST" duration-ms="0" status="PASS">
          <reporter-output>
          </reporter-output>
        </test-method> <!-- first -->
        <test-method is-config="true" signature="beforeMethod()[pri:0, instance:NGTest.NewTest@3febb011]" started-at="2024-11-15T18:02:09 IST" name="beforeMethod" finished-at="2024-11-15T18:02:09 IST" duration-ms="0" status="PASS">
          <reporter-output>
          </reporter-output>
        </test-method> <!-- beforeMethod -->
        <test-method is-config="true" signature="afterMethod()[pri:0, instance:NGTest.NewTest@3febb011]" started-at="2024-11-15T18:02:09 IST" name="afterMethod" finished-at="2024-11-15T18:02:09 IST" duration-ms="0" status="PASS">
          <reporter-output>
          </reporter-output>
        </test-method> <!-- afterMethod -->
        <test-method is-config="true" signature="afterClass()[pri:0, instance:NGTest.NewTest@3febb011]" started-at="2024-11-15T18:02:09 IST" name="afterClass" finished-at="2024-11-15T18:02:09 IST" duration-ms="1" status="PASS">
          <reporter-output>
          </reporter-output>
        </test-method> <!-- afterClass -->
        <test-method is-config="true" signature="afterTest()[pri:0, instance:NGTest.NewTest@3febb011]" started-at="2024-11-15T18:02:11 IST" name="afterTest" finished-at="2024-11-15T18:02:11 IST" duration-ms="0" status="PASS">
          <reporter-output>
          </reporter-output>
        </test-method> <!-- afterTest -->
        <test-method is-config="true" signature="afterSuite()[pri:0, instance:NGTest.NewTest@3febb011]" started-at="2024-11-15T18:02:13 IST" name="afterSuite" finished-at="2024-11-15T18:02:13 IST" duration-ms="0" status="PASS">
          <reporter-output>
          </reporter-output>
        </test-method> <!-- afterSuite -->
      </class> <!-- NGTest.NewTest -->
      <class name="NGTest.demo">
        <test-method is-config="true" signature="beforeTest()[pri:0, instance:NGTest.demo@35cabb2a]" started-at="2024-11-15T18:01:55 IST" name="beforeTest" finished-at="2024-11-15T18:02:00 IST" duration-ms="4360" status="PASS">
          <reporter-output>
          </reporter-output>
        </test-method> <!-- beforeTest -->
        <test-method signature="f()[pri:0, instance:NGTest.demo@35cabb2a]" started-at="2024-11-15T18:02:00 IST" name="f" finished-at="2024-11-15T18:02:04 IST" duration-ms="4547" status="PASS">
          <reporter-output>
          </reporter-output>
        </test-method> <!-- f -->
      </class> <!-- NGTest.demo -->
      <class name="NGTest.PriorityTesting">
        <test-method is-config="true" signature="beforeTest()[pri:0, instance:NGTest.PriorityTesting@7e07db1f]" started-at="2024-11-15T18:01:52 IST" name="beforeTest" finished-at="2024-11-15T18:01:55 IST" duration-ms="3806" status="PASS">
          <reporter-output>
          </reporter-output>
        </test-method> <!-- beforeTest -->
        <test-method signature="FirstName()[pri:1, instance:NGTest.PriorityTesting@7e07db1f]" started-at="2024-11-15T18:02:04 IST" name="FirstName" finished-at="2024-11-15T18:02:08 IST" duration-ms="4062" status="PASS">
          <reporter-output>
          </reporter-output>
        </test-method> <!-- FirstName -->
        <test-method signature="LastName()[pri:2, instance:NGTest.PriorityTesting@7e07db1f]" started-at="2024-11-15T18:02:08 IST" name="LastName" finished-at="2024-11-15T18:02:08 IST" duration-ms="49" status="PASS">
          <reporter-output>
          </reporter-output>
        </test-method> <!-- LastName -->
        <test-method signature="phone()[pri:3, instance:NGTest.PriorityTesting@7e07db1f]" started-at="2024-11-15T18:02:08 IST" name="phone" finished-at="2024-11-15T18:02:08 IST" duration-ms="46" status="PASS">
          <reporter-output>
          </reporter-output>
        </test-method> <!-- phone -->
        <test-method signature="Email()[pri:4, instance:NGTest.PriorityTesting@7e07db1f]" started-at="2024-11-15T18:02:08 IST" name="Email" finished-at="2024-11-15T18:02:09 IST" duration-ms="52" status="PASS">
          <reporter-output>
          </reporter-output>
        </test-method> <!-- Email -->
        <test-method signature="Address()[pri:5, instance:NGTest.PriorityTesting@7e07db1f]" started-at="2024-11-15T18:02:09 IST" name="Address" finished-at="2024-11-15T18:02:09 IST" duration-ms="61" status="PASS">
          <reporter-output>
          </reporter-output>
        </test-method> <!-- Address -->
        <test-method signature="city()[pri:6, instance:NGTest.PriorityTesting@7e07db1f]" started-at="2024-11-15T18:02:09 IST" name="city" finished-at="2024-11-15T18:02:09 IST" duration-ms="39" status="PASS">
          <reporter-output>
          </reporter-output>
        </test-method> <!-- city -->
        <test-method signature="state()[pri:7, instance:NGTest.PriorityTesting@7e07db1f]" started-at="2024-11-15T18:02:09 IST" name="state" finished-at="2024-11-15T18:02:09 IST" duration-ms="48" status="PASS">
          <reporter-output>
          </reporter-output>
        </test-method> <!-- state -->
        <test-method signature="postalCode()[pri:8, instance:NGTest.PriorityTesting@7e07db1f]" started-at="2024-11-15T18:02:09 IST" name="postalCode" finished-at="2024-11-15T18:02:09 IST" duration-ms="41" status="PASS">
          <reporter-output>
          </reporter-output>
        </test-method> <!-- postalCode -->
        <test-method signature="Country()[pri:9, instance:NGTest.PriorityTesting@7e07db1f]" started-at="2024-11-15T18:02:09 IST" name="Country" finished-at="2024-11-15T18:02:09 IST" duration-ms="68" status="PASS">
          <reporter-output>
          </reporter-output>
        </test-method> <!-- Country -->
      </class> <!-- NGTest.PriorityTesting -->
      <class name="NGTest.Xml">
        <test-method signature="f()[pri:0, instance:NGTest.Xml@74e52303]" started-at="2024-11-15T18:02:00 IST" name="f" finished-at="2024-11-15T18:02:00 IST" duration-ms="4" status="PASS">
          <reporter-output>
          </reporter-output>
        </test-method> <!-- f -->
      </class> <!-- NGTest.Xml -->
    </test> <!-- Test -->
  </suite> <!-- Suite -->
</testng-results>
