<?xml version="1.0" encoding="UTF-8"?>
<!-- Generated by org.testng.reporters.JUnitXMLReporter -->
<testsuite ignored="0" hostname="CDACLAB-148" failures="0" tests="14" name="Test" time="27.61" errors="0" timestamp="2024-11-15T18:02:13 IST">
  <testcase classname="NGTest.Xml" name="f" time="0.004"/>
  <testcase classname="NGTest.demo" name="f" time="4.547"/>
  <testcase classname="NGTest.PriorityTesting" name="FirstName" time="4.062"/>
  <testcase classname="NGTest.PriorityTesting" name="LastName" time="0.049"/>
  <testcase classname="NGTest.PriorityTesting" name="phone" time="0.046"/>
  <testcase classname="NGTest.PriorityTesting" name="Email" time="0.052"/>
  <testcase classname="NGTest.PriorityTesting" name="Address" time="0.061"/>
  <testcase classname="NGTest.PriorityTesting" name="city" time="0.039"/>
  <testcase classname="NGTest.PriorityTesting" name="state" time="0.048"/>
  <testcase classname="NGTest.PriorityTesting" name="postalCode" time="0.041"/>
  <testcase classname="NGTest.PriorityTesting" name="Country" time="0.068"/>
  <testcase classname="NGTest.NewTest" name="Second" time="0.001"/>
  <testcase classname="NGTest.NewTest" name="first" time="0.0"/>
  <testcase classname="NGTest.Parameter" name="Login" time="2.173"/>
</testsuite> <!-- Test -->
